2012-10-25 17:24:43 Warning: Warning (512): /var/www/vhosts/interfile.it/httpdocs/app/app/tmp/cache/persistent/ is not writable in [/var/www/vhosts/interfile.it/httpdocs/app/cake/libs/cache/file.php, line 267]
2012-10-25 17:24:43 Warning: Warning (512): /var/www/vhosts/interfile.it/httpdocs/app/app/tmp/cache/models/ is not writable in [/var/www/vhosts/interfile.it/httpdocs/app/cake/libs/cache/file.php, line 267]
2012-10-26 17:17:32 Warning: Warning (512): <span style="color:Red;text-align:left"><b>SQL Error:</b> 1064: You have an error in your SQL syntax; check the manual that corresponds to your MySQL server version for the right syntax to use near 'ORDER BY `City`.`NAME` ASC' at line 1</span> in [/var/www/vhosts/interfile.it/httpdocs/app/cake/libs/model/datasources/dbo_source.php, line 684]
2012-10-26 17:17:55 Warning: Warning (512): <span style="color:Red;text-align:left"><b>SQL Error:</b> 1064: You have an error in your SQL syntax; check the manual that corresponds to your MySQL server version for the right syntax to use near 'ORDER BY `City`.`NAME` ASC' at line 1</span> in [/var/www/vhosts/interfile.it/httpdocs/app/cake/libs/model/datasources/dbo_source.php, line 684]
2012-10-29 08:06:14 Warning: Warning (2): Cannot unset offset in a non-array variable in [/var/www/vhosts/interfile.it/httpdocs/app/app/controllers/fronts_controller.php, line 134]
2012-10-29 08:06:14 Warning: Warning (2): Cannot unset offset in a non-array variable in [/var/www/vhosts/interfile.it/httpdocs/app/app/controllers/fronts_controller.php, line 139]
2012-10-29 14:20:07 Warning: Warning (512): Cache not configured properly. Please check Cache::config(); in APP/config/core.php in [/var/www/vhosts/interfile.it/httpdocs/app/cake/libs/configure.php, line 400]
2012-10-29 15:27:38 Warning: Warning (2): preg_match(): Empty regular expression in [/var/www/vhosts/interfile.it/httpdocs/app/cake/libs/validation.php, line 946]
2012-10-29 15:27:58 Warning: Warning (2): preg_match(): Empty regular expression in [/var/www/vhosts/interfile.it/httpdocs/app/cake/libs/validation.php, line 946]
2012-10-29 15:28:07 Warning: Warning (2): preg_match(): Empty regular expression in [/var/www/vhosts/interfile.it/httpdocs/app/cake/libs/validation.php, line 946]
2012-10-29 15:28:16 Warning: Warning (2): preg_match(): Empty regular expression in [/var/www/vhosts/interfile.it/httpdocs/app/cake/libs/validation.php, line 946]
2012-10-29 15:29:16 Warning: Warning (2): preg_match(): Empty regular expression in [/var/www/vhosts/interfile.it/httpdocs/app/cake/libs/validation.php, line 946]
2012-10-29 15:29:19 Warning: Warning (2): preg_match(): Empty regular expression in [/var/www/vhosts/interfile.it/httpdocs/app/cake/libs/validation.php, line 946]
2012-10-29 15:29:28 Warning: Warning (2): preg_match(): Empty regular expression in [/var/www/vhosts/interfile.it/httpdocs/app/cake/libs/validation.php, line 946]
2012-10-29 15:29:50 Warning: Warning (2): preg_match(): Empty regular expression in [/var/www/vhosts/interfile.it/httpdocs/app/cake/libs/validation.php, line 946]
2012-10-29 15:30:15 Warning: Warning (2): preg_match(): Empty regular expression in [/var/www/vhosts/interfile.it/httpdocs/app/cake/libs/validation.php, line 946]
2012-10-29 15:30:36 Warning: Warning (2): preg_match(): Empty regular expression in [/var/www/vhosts/interfile.it/httpdocs/app/cake/libs/validation.php, line 946]
2012-10-29 15:30:42 Warning: Warning (2): preg_match(): Empty regular expression in [/var/www/vhosts/interfile.it/httpdocs/app/cake/libs/validation.php, line 946]
2012-10-29 15:30:51 Warning: Warning (2): preg_match(): Empty regular expression in [/var/www/vhosts/interfile.it/httpdocs/app/cake/libs/validation.php, line 946]
2012-10-29 15:31:08 Warning: Warning (2): preg_match(): Empty regular expression in [/var/www/vhosts/interfile.it/httpdocs/app/cake/libs/validation.php, line 946]
2012-10-29 15:42:16 Warning: Warning (512): Cache not configured properly. Please check Cache::config(); in APP/config/core.php in [/var/www/vhosts/interfile.it/httpdocs/app/cake/libs/configure.php, line 400]
